2025-09-22 20:47:00 | WARN | repo=pv243-a4m36jee-2016-security-seminar | action=commit
2025-01-14 18:33:00 | DEBUG | repo=pv243-a4m36jee-2016-security-seminar | action=commit
2025-06-10 18:56:00 | INFO | repo=pv243-a4m36jee-2016-security-seminar | action=commit
2025-05-08 07:21:00 | INFO | repo=pv243-a4m36jee-2016-security-seminar | action=commit
2025-06-26 17:57:00 | DEBUG | repo=pv243-a4m36jee-2016-security-seminar | action=commit
2025-06-07 08:28:00 | INFO | repo=pv243-a4m36jee-2016-security-seminar | action=commit
2025-02-21 10:22:00 | DEBUG | repo=pv243-a4m36jee-2016-security-seminar | action=commit
2025-06-25 12:34:00 | INFO | repo=pv243-a4m36jee-2016-security-seminar | action=commit
2025-06-14 08:58:00 | DEBUG | repo=pv243-a4m36jee-2016-security-seminar | action=edit | files=4
2025-04-12 16:28:00 | WARN | repo=pv243-a4m36jee-2016-security-seminar | action=commit
2025-12-18 20:32:00 | WARN | repo=pv243-a4m36jee-2016-security-seminar | action=commit
2025-08-21 07:43:00 | DEBUG | repo=pv243-a4m36jee-2016-security-seminar | action=commit
2025-01-24 07:35:00 | INFO | repo=pv243-a4m36jee-2016-security-seminar | action=pull
2025-01-28 20:48:00 | INFO | repo=pv243-a4m36jee-2016-security-seminar | action=commit
2025-04-12 13:31:00 | INFO | repo=pv243-a4m36jee-2016-security-seminar | action=commit
2025-02-12 13:35:00 | WARN | repo=pv243-a4m36jee-2016-security-seminar | action=commit
2025-03-11 07:16:00 | INFO | repo=pv243-a4m36jee-2016-security-seminar | action=commit
2025-06-13 21:18:00 | DEBUG | repo=pv243-a4m36jee-2016-security-seminar | action=edit | files=1
2025-01-05 11:50:00 | DEBUG | repo=pv243-a4m36jee-2016-security-seminar | action=commit
2025-10-22 18:16:00 | WARN | repo=pv243-a4m36jee-2016-security-seminar | action=commit
2025-01-12 07:13:00 | DEBUG | repo=pv243-a4m36jee-2016-security-seminar | action=commit
2025-08-22 19:50:00 | WARN | repo=pv243-a4m36jee-2016-security-seminar | action=commit
2025-12-10 20:53:00 | INFO | repo=pv243-a4m36jee-2016-security-seminar | action=commit
2025-10-04 13:20:00 | INFO | repo=pv243-a4m36jee-2016-security-seminar | action=pull
2025-09-24 20:05:00 | INFO | repo=pv243-a4m36jee-2016-security-seminar | action=commit
2025-03-26 08:51:00 | INFO | repo=pv243-a4m36jee-2016-security-seminar | action=commit
2025-06-10 08:34:00 | WARN | repo=pv243-a4m36jee-2016-security-seminar | action=commit
2025-01-10 20:18:00 | DEBUG | repo=pv243-a4m36jee-2016-security-seminar | action=pull
2025-12-18 10:01:00 | DEBUG | repo=pv243-a4m36jee-2016-security-seminar | action=commit
2025-02-11 18:20:00 | WARN | repo=pv243-a4m36jee-2016-security-seminar | action=commit
2025-01-16 14:51:00 | INFO | repo=pv243-a4m36jee-2016-security-seminar | action=commit
2025-04-16 16:05:00 | INFO | repo=pv243-a4m36jee-2016-security-seminar | action=commit
2025-03-01 07:39:00 | DEBUG | repo=pv243-a4m36jee-2016-security-seminar | action=commit
2025-12-27 16:19:00 | INFO | repo=pv243-a4m36jee-2016-security-seminar | action=commit
2025-10-04 13:31:00 | INFO | repo=pv243-a4m36jee-2016-security-seminar | action=commit
2025-12-09 20:22:00 | WARN | repo=pv243-a4m36jee-2016-security-seminar | action=commit
2025-10-01 20:09:00 | INFO | repo=pv243-a4m36jee-2016-security-seminar | action=edit | files=4
2025-03-24 12:04:00 | DEBUG | repo=pv243-a4m36jee-2016-security-seminar | action=commit
2025-06-05 19:17:00 | DEBUG | repo=pv243-a4m36jee-2016-security-seminar | action=pull
2025-07-04 11:08:00 | DEBUG | repo=pv243-a4m36jee-2016-security-seminar | action=edit | files=4
2025-02-05 17:29:00 | DEBUG | repo=pv243-a4m36jee-2016-security-seminar | action=commit
2025-04-14 10:40:00 | DEBUG | repo=pv243-a4m36jee-2016-security-seminar | action=commit
2025-06-21 12:52:00 | DEBUG | repo=pv243-a4m36jee-2016-security-seminar | action=commit
2025-03-03 21:39:00 | WARN | repo=pv243-a4m36jee-2016-security-seminar | action=commit
2025-12-01 15:08:00 | DEBUG | repo=pv243-a4m36jee-2016-security-seminar | action=pull
2025-08-12 14:37:00 | WARN | repo=pv243-a4m36jee-2016-security-seminar | action=commit
2025-01-12 18:28:00 | INFO | repo=pv243-a4m36jee-2016-security-seminar | action=commit
2025-09-04 19:32:00 | DEBUG | repo=pv243-a4m36jee-2016-security-seminar | action=commit
2025-02-01 20:03:00 | INFO | repo=pv243-a4m36jee-2016-security-seminar | action=commit
2025-05-18 16:37:00 | DEBUG | repo=pv243-a4m36jee-2016-security-seminar | action=commit
2025-09-07 09:29:00 | DEBUG | repo=pv243-a4m36jee-2016-security-seminar | action=commit
2025-02-28 19:43:00 | WARN | repo=pv243-a4m36jee-2016-security-seminar | action=edit | files=5
2025-10-09 18:05:00 | INFO | repo=pv243-a4m36jee-2016-security-seminar | action=pull
2025-01-25 12:51:00 | WARN | repo=pv243-a4m36jee-2016-security-seminar | action=test | passed=true
2025-02-11 12:05:00 | INFO | repo=pv243-a4m36jee-2016-security-seminar | action=commit
2025-02-27 07:30:00 | WARN | repo=pv243-a4m36jee-2016-security-seminar | action=commit
2025-07-24 08:36:00 | DEBUG | repo=pv243-a4m36jee-2016-security-seminar | action=commit
2025-05-26 09:45:00 | WARN | repo=pv243-a4m36jee-2016-security-seminar | action=commit
2025-04-12 10:47:00 | DEBUG | repo=pv243-a4m36jee-2016-security-seminar | action=commit
2025-03-24 07:45:00 | WARN | repo=pv243-a4m36jee-2016-security-seminar | action=commit
2025-02-07 14:04:00 | DEBUG | repo=pv243-a4m36jee-2016-security-seminar | action=commit
2025-10-17 15:24:00 | WARN | repo=pv243-a4m36jee-2016-security-seminar | action=commit
2025-05-10 07:43:00 | DEBUG | repo=pv243-a4m36jee-2016-security-seminar | action=test | passed=true
2025-09-10 07:44:00 | WARN | repo=pv243-a4m36jee-2016-security-seminar | action=commit
2025-11-10 09:26:00 | DEBUG | repo=pv243-a4m36jee-2016-security-seminar | action=pull
2025-07-14 21:48:00 | WARN | repo=pv243-a4m36jee-2016-security-seminar | action=commit
2025-02-16 18:02:00 | DEBUG | repo=pv243-a4m36jee-2016-security-seminar | action=pull
2025-03-27 07:29:00 | DEBUG | repo=pv243-a4m36jee-2016-security-seminar | action=commit
2025-04-01 07:29:00 | WARN | repo=pv243-a4m36jee-2016-security-seminar | action=commit
2025-06-07 15:37:00 | DEBUG | repo=pv243-a4m36jee-2016-security-seminar | action=commit
2025-06-04 14:07:00 | DEBUG | repo=pv243-a4m36jee-2016-security-seminar | action=commit
